16 Maggio 2025 @ 12:13|foto-marco.jpg| 75|You can only optimize images from a domain using a single free account. Request rejected.( Attachment ID  75 ) ;
16 Maggio 2025 @ 12:13|imageedit_4_2994858512.png| 69|You can only optimize images from a domain using a single free account. Request rejected.( Attachment ID  69 ) ;
16 Maggio 2025 @ 12:13|Screenshot-2025-05-08-102930.png| 68|You can only optimize images from a domain using a single free account. Request rejected.( Attachment ID  68 ) ;
16 Maggio 2025 @ 12:13|imageedit_2_4441539985.png| 63|You can only optimize images from a domain using a single free account. Request rejected.( Attachment ID  63 ) ;
16 Maggio 2025 @ 12:13|Screenshot-2025-05-13-103413.png| 61|You can only optimize images from a domain using a single free account. Request rejected.( Attachment ID  61 ) ;
16 Maggio 2025 @ 12:13|Screenshot-2025-05-12-191053.png| 60|You can only optimize images from a domain using a single free account. Request rejected.( Attachment ID  60 ) ;
16 Maggio 2025 @ 12:13|Screenshot-2025-05-14-210445.png| 52|You can only optimize images from a domain using a single free account. Request rejected.( Attachment ID  52 ) ;
16 Maggio 2025 @ 12:13|Screenshot-2025-05-08-125734-e1747305517907.png| 49|You can only optimize images from a domain using a single free account. Request rejected.( Attachment ID  49 ) ;
16 Maggio 2025 @ 12:13|foto-marco.jpg| 75|You can only optimize images from a domain using a single free account. Request rejected.( Attachment ID  75 ) ;
16 Maggio 2025 @ 12:13|imageedit_4_2994858512.png| 69|You can only optimize images from a domain using a single free account. Request rejected.( Attachment ID  69 ) ;
16 Maggio 2025 @ 12:13|Screenshot-2025-05-08-102930.png| 68|You can only optimize images from a domain using a single free account. Request rejected.( Attachment ID  68 ) ;
16 Maggio 2025 @ 12:13|imageedit_2_4441539985.png| 63|You can only optimize images from a domain using a single free account. Request rejected.( Attachment ID  63 ) ;
16 Maggio 2025 @ 12:13|Screenshot-2025-05-13-103413.png| 61|You can only optimize images from a domain using a single free account. Request rejected.( Attachment ID  61 ) ;
16 Maggio 2025 @ 12:13|Screenshot-2025-05-12-191053.png| 60|You can only optimize images from a domain using a single free account. Request rejected.( Attachment ID  60 ) ;
16 Maggio 2025 @ 12:13|Screenshot-2025-05-14-210445.png| 52|You can only optimize images from a domain using a single free account. Request rejected.( Attachment ID  52 ) ;
16 Maggio 2025 @ 12:13|Screenshot-2025-05-08-125734-e1747305517907.png| 49|You can only optimize images from a domain using a single free account. Request rejected.( Attachment ID  49 ) ;
16 Maggio 2025 @ 12:13|foto-marco.jpg| 75|You can only optimize images from a domain using a single free account. Request rejected.( Attachment ID  75 ) ;
16 Maggio 2025 @ 12:13|imageedit_4_2994858512.png| 69|You can only optimize images from a domain using a single free account. Request rejected.( Attachment ID  69 ) ;
16 Maggio 2025 @ 12:13|Screenshot-2025-05-08-102930.png| 68|You can only optimize images from a domain using a single free account. Request rejected.( Attachment ID  68 ) ;
16 Maggio 2025 @ 12:13|imageedit_2_4441539985.png| 63|You can only optimize images from a domain using a single free account. Request rejected.( Attachment ID  63 ) ;
16 Maggio 2025 @ 12:13|Screenshot-2025-05-13-103413.png| 61|You can only optimize images from a domain using a single free account. Request rejected.( Attachment ID  61 ) ;
16 Maggio 2025 @ 12:13|Screenshot-2025-05-12-191053.png| 60|You can only optimize images from a domain using a single free account. Request rejected.( Attachment ID  60 ) ;
16 Maggio 2025 @ 12:13|Screenshot-2025-05-14-210445.png| 52|You can only optimize images from a domain using a single free account. Request rejected.( Attachment ID  52 ) ;
16 Maggio 2025 @ 12:13|Screenshot-2025-05-08-125734-e1747305517907.png| 49|You can only optimize images from a domain using a single free account. Request rejected.( Attachment ID  49 ) ;
16 Maggio 2025 @ 12:13|foto-marco.jpg| 75|You can only optimize images from a domain using a single free account. Request rejected.( Attachment ID  75 ) ;
16 Maggio 2025 @ 12:13|imageedit_4_2994858512.png| 69|You can only optimize images from a domain using a single free account. Request rejected.( Attachment ID  69 ) ;
16 Maggio 2025 @ 12:13|Screenshot-2025-05-08-102930.png| 68|You can only optimize images from a domain using a single free account. Request rejected.( Attachment ID  68 ) ;
16 Maggio 2025 @ 12:13|imageedit_2_4441539985.png| 63|You can only optimize images from a domain using a single free account. Request rejected.( Attachment ID  63 ) ;
16 Maggio 2025 @ 12:13|Screenshot-2025-05-13-103413.png| 61|You can only optimize images from a domain using a single free account. Request rejected.( Attachment ID  61 ) ;
16 Maggio 2025 @ 12:14|Screenshot-2025-05-12-191053.png| 60|You can only optimize images from a domain using a single free account. Request rejected.( Attachment ID  60 ) ;
16 Maggio 2025 @ 12:14|Screenshot-2025-05-14-210445.png| 52|You can only optimize images from a domain using a single free account. Request rejected.( Attachment ID  52 ) ;
16 Maggio 2025 @ 12:14|Screenshot-2025-05-08-125734-e1747305517907.png| 49|You can only optimize images from a domain using a single free account. Request rejected.( Attachment ID  49 ) ;
16 Maggio 2025 @ 12:14|foto-marco.jpg| 75|You can only optimize images from a domain using a single free account. Request rejected.( Attachment ID  75 ) ;
16 Maggio 2025 @ 12:14|imageedit_4_2994858512.png| 69|You can only optimize images from a domain using a single free account. Request rejected.( Attachment ID  69 ) ;
16 Maggio 2025 @ 12:14|Screenshot-2025-05-08-102930.png| 68|You can only optimize images from a domain using a single free account. Request rejected.( Attachment ID  68 ) ;
16 Maggio 2025 @ 12:14|imageedit_2_4441539985.png| 63|You can only optimize images from a domain using a single free account. Request rejected.( Attachment ID  63 ) ;
16 Maggio 2025 @ 12:14|Screenshot-2025-05-13-103413.png| 61|You can only optimize images from a domain using a single free account. Request rejected.( Attachment ID  61 ) ;
16 Maggio 2025 @ 12:14|Screenshot-2025-05-12-191053.png| 60|You can only optimize images from a domain using a single free account. Request rejected.( Attachment ID  60 ) ;
16 Maggio 2025 @ 12:14|Screenshot-2025-05-14-210445.png| 52|You can only optimize images from a domain using a single free account. Request rejected.( Attachment ID  52 ) ;
16 Maggio 2025 @ 12:14|Screenshot-2025-05-08-125734-e1747305517907.png| 49|You can only optimize images from a domain using a single free account. Request rejected.( Attachment ID  49 ) ;
16 Maggio 2025 @ 12:15|foto-marco.jpg| 75|You can only optimize images from a domain using a single free account. Request rejected.( Attachment ID  75 ) ;
16 Maggio 2025 @ 12:15|imageedit_4_2994858512.png| 69|You can only optimize images from a domain using a single free account. Request rejected.( Attachment ID  69 ) ;
16 Maggio 2025 @ 12:15|Screenshot-2025-05-08-102930.png| 68|You can only optimize images from a domain using a single free account. Request rejected.( Attachment ID  68 ) ;
16 Maggio 2025 @ 12:15|imageedit_2_4441539985.png| 63|You can only optimize images from a domain using a single free account. Request rejected.( Attachment ID  63 ) ;
16 Maggio 2025 @ 12:15|Screenshot-2025-05-13-103413.png| 61|You can only optimize images from a domain using a single free account. Request rejected.( Attachment ID  61 ) ;
16 Maggio 2025 @ 12:15|Screenshot-2025-05-12-191053.png| 60|You can only optimize images from a domain using a single free account. Request rejected.( Attachment ID  60 ) ;
16 Maggio 2025 @ 12:15|Screenshot-2025-05-14-210445.png| 52|You can only optimize images from a domain using a single free account. Request rejected.( Attachment ID  52 ) ;
16 Maggio 2025 @ 12:15|Screenshot-2025-05-08-125734-e1747305517907.png| 49|You can only optimize images from a domain using a single free account. Request rejected.( Attachment ID  49 ) ;
16 Maggio 2025 @ 12:16|foto-marco.jpg| 75|You can only optimize images from a domain using a single free account. Request rejected.( Attachment ID  75 ) ;
16 Maggio 2025 @ 12:16|imageedit_4_2994858512.png| 69|You can only optimize images from a domain using a single free account. Request rejected.( Attachment ID  69 ) ;
16 Maggio 2025 @ 12:16|Screenshot-2025-05-08-102930.png| 68|You can only optimize images from a domain using a single free account. Request rejected.( Attachment ID  68 ) ;
16 Maggio 2025 @ 12:16|imageedit_2_4441539985.png| 63|You can only optimize images from a domain using a single free account. Request rejected.( Attachment ID  63 ) ;
16 Maggio 2025 @ 12:16|Screenshot-2025-05-13-103413.png| 61|You can only optimize images from a domain using a single free account. Request rejected.( Attachment ID  61 ) ;
16 Maggio 2025 @ 12:16|Screenshot-2025-05-12-191053.png| 60|You can only optimize images from a domain using a single free account. Request rejected.( Attachment ID  60 ) ;
16 Maggio 2025 @ 12:16|Screenshot-2025-05-14-210445.png| 52|You can only optimize images from a domain using a single free account. Request rejected.( Attachment ID  52 ) ;
16 Maggio 2025 @ 12:16|Screenshot-2025-05-08-125734-e1747305517907.png| 49|You can only optimize images from a domain using a single free account. Request rejected.( Attachment ID  49 ) ;
16 Maggio 2025 @ 12:16|foto-marco.jpg| 75|You can only optimize images from a domain using a single free account. Request rejected.( Attachment ID  75 ) ;
16 Maggio 2025 @ 12:16|imageedit_4_2994858512.png| 69|You can only optimize images from a domain using a single free account. Request rejected.( Attachment ID  69 ) ;
16 Maggio 2025 @ 12:16|Screenshot-2025-05-08-102930.png| 68|You can only optimize images from a domain using a single free account. Request rejected.( Attachment ID  68 ) ;
16 Maggio 2025 @ 12:16|imageedit_2_4441539985.png| 63|You can only optimize images from a domain using a single free account. Request rejected.( Attachment ID  63 ) ;
16 Maggio 2025 @ 12:16|Screenshot-2025-05-13-103413.png| 61|You can only optimize images from a domain using a single free account. Request rejected.( Attachment ID  61 ) ;
16 Maggio 2025 @ 12:16|Screenshot-2025-05-12-191053.png| 60|You can only optimize images from a domain using a single free account. Request rejected.( Attachment ID  60 ) ;
16 Maggio 2025 @ 12:16|Screenshot-2025-05-14-210445.png| 52|You can only optimize images from a domain using a single free account. Request rejected.( Attachment ID  52 ) ;
16 Maggio 2025 @ 12:16|Screenshot-2025-05-08-125734-e1747305517907.png| 49|You can only optimize images from a domain using a single free account. Request rejected.( Attachment ID  49 ) ;
16 Maggio 2025 @ 12:16|foto-marco.jpg| 75|You can only optimize images from a domain using a single free account. Request rejected.( Attachment ID  75 ) ;
16 Maggio 2025 @ 12:16|imageedit_4_2994858512.png| 69|You can only optimize images from a domain using a single free account. Request rejected.( Attachment ID  69 ) ;
16 Maggio 2025 @ 12:16|Screenshot-2025-05-08-102930.png| 68|You can only optimize images from a domain using a single free account. Request rejected.( Attachment ID  68 ) ;
16 Maggio 2025 @ 12:16|imageedit_2_4441539985.png| 63|You can only optimize images from a domain using a single free account. Request rejected.( Attachment ID  63 ) ;
16 Maggio 2025 @ 12:16|Screenshot-2025-05-13-103413.png| 61|You can only optimize images from a domain using a single free account. Request rejected.( Attachment ID  61 ) ;
16 Maggio 2025 @ 12:16|Screenshot-2025-05-12-191053.png| 60|You can only optimize images from a domain using a single free account. Request rejected.( Attachment ID  60 ) ;
16 Maggio 2025 @ 12:16|Screenshot-2025-05-14-210445.png| 52|You can only optimize images from a domain using a single free account. Request rejected.( Attachment ID  52 ) ;
16 Maggio 2025 @ 12:16|Screenshot-2025-05-08-125734-e1747305517907.png| 49|You can only optimize images from a domain using a single free account. Request rejected.( Attachment ID  49 ) ;
16 Maggio 2025 @ 12:16|foto-marco.jpg| 75|You can only optimize images from a domain using a single free account. Request rejected.( Attachment ID  75 ) ;
16 Maggio 2025 @ 12:16|imageedit_4_2994858512.png| 69|You can only optimize images from a domain using a single free account. Request rejected.( Attachment ID  69 ) ;
16 Maggio 2025 @ 12:16|Screenshot-2025-05-08-102930.png| 68|You can only optimize images from a domain using a single free account. Request rejected.( Attachment ID  68 ) ;
16 Maggio 2025 @ 12:16|imageedit_2_4441539985.png| 63|You can only optimize images from a domain using a single free account. Request rejected.( Attachment ID  63 ) ;
16 Maggio 2025 @ 12:16|Screenshot-2025-05-13-103413.png| 61|You can only optimize images from a domain using a single free account. Request rejected.( Attachment ID  61 ) ;
16 Maggio 2025 @ 12:16|Screenshot-2025-05-12-191053.png| 60|You can only optimize images from a domain using a single free account. Request rejected.( Attachment ID  60 ) ;
16 Maggio 2025 @ 12:16|Screenshot-2025-05-14-210445.png| 52|You can only optimize images from a domain using a single free account. Request rejected.( Attachment ID  52 ) ;
16 Maggio 2025 @ 12:16|Screenshot-2025-05-08-125734-e1747305517907.png| 49|You can only optimize images from a domain using a single free account. Request rejected.( Attachment ID  49 ) ;
16 Maggio 2025 @ 12:16|foto-marco.jpg| 75|You can only optimize images from a domain using a single free account. Request rejected.( Attachment ID  75 ) ;
16 Maggio 2025 @ 12:16|imageedit_4_2994858512.png| 69|You can only optimize images from a domain using a single free account. Request rejected.( Attachment ID  69 ) ;
16 Maggio 2025 @ 12:16|Screenshot-2025-05-08-102930.png| 68|You can only optimize images from a domain using a single free account. Request rejected.( Attachment ID  68 ) ;
16 Maggio 2025 @ 12:16|imageedit_2_4441539985.png| 63|You can only optimize images from a domain using a single free account. Request rejected.( Attachment ID  63 ) ;
16 Maggio 2025 @ 12:16|Screenshot-2025-05-13-103413.png| 61|You can only optimize images from a domain using a single free account. Request rejected.( Attachment ID  61 ) ;
16 Maggio 2025 @ 12:16|Screenshot-2025-05-12-191053.png| 60|You can only optimize images from a domain using a single free account. Request rejected.( Attachment ID  60 ) ;
16 Maggio 2025 @ 12:16|Screenshot-2025-05-14-210445.png| 52|You can only optimize images from a domain using a single free account. Request rejected.( Attachment ID  52 ) ;
16 Maggio 2025 @ 12:16|Screenshot-2025-05-08-125734-e1747305517907.png| 49|You can only optimize images from a domain using a single free account. Request rejected.( Attachment ID  49 ) ;
16 Maggio 2025 @ 12:16|foto-marco.jpg| 75|You can only optimize images from a domain using a single free account. Request rejected.( Attachment ID  75 ) ;
16 Maggio 2025 @ 12:16|imageedit_4_2994858512.png| 69|You can only optimize images from a domain using a single free account. Request rejected.( Attachment ID  69 ) ;
16 Maggio 2025 @ 12:16|Screenshot-2025-05-08-102930.png| 68|You can only optimize images from a domain using a single free account. Request rejected.( Attachment ID  68 ) ;
16 Maggio 2025 @ 12:16|imageedit_2_4441539985.png| 63|You can only optimize images from a domain using a single free account. Request rejected.( Attachment ID  63 ) ;
16 Maggio 2025 @ 12:16|Screenshot-2025-05-13-103413.png| 61|You can only optimize images from a domain using a single free account. Request rejected.( Attachment ID  61 ) ;
16 Maggio 2025 @ 12:17|Screenshot-2025-05-12-191053.png| 60|You can only optimize images from a domain using a single free account. Request rejected.( Attachment ID  60 ) ;
16 Maggio 2025 @ 12:17|Screenshot-2025-05-14-210445.png| 52|You can only optimize images from a domain using a single free account. Request rejected.( Attachment ID  52 ) ;
16 Maggio 2025 @ 12:17|Screenshot-2025-05-08-125734-e1747305517907.png| 49|You can only optimize images from a domain using a single free account. Request rejected.( Attachment ID  49 ) ;
16 Maggio 2025 @ 12:17|foto-marco.jpg| 75|You can only optimize images from a domain using a single free account. Request rejected.( Attachment ID  75 ) ;
16 Maggio 2025 @ 12:17|imageedit_4_2994858512.png| 69|You can only optimize images from a domain using a single free account. Request rejected.( Attachment ID  69 ) ;
16 Maggio 2025 @ 12:17|Screenshot-2025-05-08-102930.png| 68|You can only optimize images from a domain using a single free account. Request rejected.( Attachment ID  68 ) ;
16 Maggio 2025 @ 12:17|imageedit_2_4441539985.png| 63|You can only optimize images from a domain using a single free account. Request rejected.( Attachment ID  63 ) ;
16 Maggio 2025 @ 12:17|Screenshot-2025-05-13-103413.png| 61|You can only optimize images from a domain using a single free account. Request rejected.( Attachment ID  61 ) ;
16 Maggio 2025 @ 12:17|Screenshot-2025-05-12-191053.png| 60|You can only optimize images from a domain using a single free account. Request rejected.( Attachment ID  60 ) ;
16 Maggio 2025 @ 12:17|Screenshot-2025-05-14-210445.png| 52|You can only optimize images from a domain using a single free account. Request rejected.( Attachment ID  52 ) ;
16 Maggio 2025 @ 12:17|Screenshot-2025-05-08-125734-e1747305517907.png| 49|You can only optimize images from a domain using a single free account. Request rejected.( Attachment ID  49 ) ;
16 Maggio 2025 @ 12:17|foto-marco.jpg| 75|You can only optimize images from a domain using a single free account. Request rejected.( Attachment ID  75 ) ;
16 Maggio 2025 @ 12:17|imageedit_4_2994858512.png| 69|You can only optimize images from a domain using a single free account. Request rejected.( Attachment ID  69 ) ;
16 Maggio 2025 @ 12:17|Screenshot-2025-05-08-102930.png| 68|You can only optimize images from a domain using a single free account. Request rejected.( Attachment ID  68 ) ;
16 Maggio 2025 @ 12:17|imageedit_2_4441539985.png| 63|You can only optimize images from a domain using a single free account. Request rejected.( Attachment ID  63 ) ;
16 Maggio 2025 @ 12:17|Screenshot-2025-05-13-103413.png| 61|You can only optimize images from a domain using a single free account. Request rejected.( Attachment ID  61 ) ;
16 Maggio 2025 @ 12:17|Screenshot-2025-05-12-191053.png| 60|You can only optimize images from a domain using a single free account. Request rejected.( Attachment ID  60 ) ;
16 Maggio 2025 @ 12:17|Screenshot-2025-05-14-210445.png| 52|You can only optimize images from a domain using a single free account. Request rejected.( Attachment ID  52 ) ;
16 Maggio 2025 @ 12:17|Screenshot-2025-05-08-125734-e1747305517907.png| 49|You can only optimize images from a domain using a single free account. Request rejected.( Attachment ID  49 ) ;
16 Maggio 2025 @ 12:17|foto-marco.jpg| 75|You can only optimize images from a domain using a single free account. Request rejected.( Attachment ID  75 ) ;
16 Maggio 2025 @ 12:17|imageedit_4_2994858512.png| 69|You can only optimize images from a domain using a single free account. Request rejected.( Attachment ID  69 ) ;
16 Maggio 2025 @ 12:17|Screenshot-2025-05-08-102930.png| 68|You can only optimize images from a domain using a single free account. Request rejected.( Attachment ID  68 ) ;
16 Maggio 2025 @ 12:17|imageedit_2_4441539985.png| 63|You can only optimize images from a domain using a single free account. Request rejected.( Attachment ID  63 ) ;
16 Maggio 2025 @ 12:17|Screenshot-2025-05-13-103413.png| 61|You can only optimize images from a domain using a single free account. Request rejected.( Attachment ID  61 ) ;
16 Maggio 2025 @ 12:17|Screenshot-2025-05-12-191053.png| 60|You can only optimize images from a domain using a single free account. Request rejected.( Attachment ID  60 ) ;
16 Maggio 2025 @ 12:17|Screenshot-2025-05-14-210445.png| 52|You can only optimize images from a domain using a single free account. Request rejected.( Attachment ID  52 ) ;
16 Maggio 2025 @ 12:17|Screenshot-2025-05-08-125734-e1747305517907.png| 49|You can only optimize images from a domain using a single free account. Request rejected.( Attachment ID  49 ) ;
16 Maggio 2025 @ 12:17|foto-marco.jpg| 75|You can only optimize images from a domain using a single free account. Request rejected.( Attachment ID  75 ) ;
16 Maggio 2025 @ 12:17|imageedit_4_2994858512.png| 69|You can only optimize images from a domain using a single free account. Request rejected.( Attachment ID  69 ) ;
16 Maggio 2025 @ 12:17|Screenshot-2025-05-08-102930.png| 68|You can only optimize images from a domain using a single free account. Request rejected.( Attachment ID  68 ) ;
16 Maggio 2025 @ 12:17|imageedit_2_4441539985.png| 63|You can only optimize images from a domain using a single free account. Request rejected.( Attachment ID  63 ) ;
16 Maggio 2025 @ 12:17|Screenshot-2025-05-13-103413.png| 61|You can only optimize images from a domain using a single free account. Request rejected.( Attachment ID  61 ) ;
16 Maggio 2025 @ 12:17|Screenshot-2025-05-12-191053.png| 60|You can only optimize images from a domain using a single free account. Request rejected.( Attachment ID  60 ) ;
16 Maggio 2025 @ 12:17|Screenshot-2025-05-14-210445.png| 52|You can only optimize images from a domain using a single free account. Request rejected.( Attachment ID  52 ) ;
16 Maggio 2025 @ 12:17|Screenshot-2025-05-08-125734-e1747305517907.png| 49|You can only optimize images from a domain using a single free account. Request rejected.( Attachment ID  49 ) ;
16 Maggio 2025 @ 12:17|foto-marco.jpg| 75|You can only optimize images from a domain using a single free account. Request rejected.( Attachment ID  75 ) ;
16 Maggio 2025 @ 12:17|imageedit_4_2994858512.png| 69|You can only optimize images from a domain using a single free account. Request rejected.( Attachment ID  69 ) ;
16 Maggio 2025 @ 12:17|Screenshot-2025-05-08-102930.png| 68|You can only optimize images from a domain using a single free account. Request rejected.( Attachment ID  68 ) ;
16 Maggio 2025 @ 12:17|imageedit_2_4441539985.png| 63|You can only optimize images from a domain using a single free account. Request rejected.( Attachment ID  63 ) ;
16 Maggio 2025 @ 12:17|Screenshot-2025-05-13-103413.png| 61|You can only optimize images from a domain using a single free account. Request rejected.( Attachment ID  61 ) ;
16 Maggio 2025 @ 12:17|Screenshot-2025-05-12-191053.png| 60|You can only optimize images from a domain using a single free account. Request rejected.( Attachment ID  60 ) ;
16 Maggio 2025 @ 12:18|Screenshot-2025-05-14-210445.png| 52|You can only optimize images from a domain using a single free account. Request rejected.( Attachment ID  52 ) ;
16 Maggio 2025 @ 12:18|Screenshot-2025-05-08-125734-e1747305517907.png| 49|You can only optimize images from a domain using a single free account. Request rejected.( Attachment ID  49 ) ;
16 Maggio 2025 @ 12:18|foto-marco.jpg| 75|You can only optimize images from a domain using a single free account. Request rejected.( Attachment ID  75 ) ;
16 Maggio 2025 @ 12:18|imageedit_4_2994858512.png| 69|You can only optimize images from a domain using a single free account. Request rejected.( Attachment ID  69 ) ;
16 Maggio 2025 @ 12:18|Screenshot-2025-05-08-102930.png| 68|You can only optimize images from a domain using a single free account. Request rejected.( Attachment ID  68 ) ;
16 Maggio 2025 @ 12:18|imageedit_2_4441539985.png| 63|You can only optimize images from a domain using a single free account. Request rejected.( Attachment ID  63 ) ;
16 Maggio 2025 @ 12:18|Screenshot-2025-05-13-103413.png| 61|You can only optimize images from a domain using a single free account. Request rejected.( Attachment ID  61 ) ;
16 Maggio 2025 @ 12:18|Screenshot-2025-05-12-191053.png| 60|You can only optimize images from a domain using a single free account. Request rejected.( Attachment ID  60 ) ;
16 Maggio 2025 @ 12:18|Screenshot-2025-05-14-210445.png| 52|You can only optimize images from a domain using a single free account. Request rejected.( Attachment ID  52 ) ;
16 Maggio 2025 @ 12:18|Screenshot-2025-05-08-125734-e1747305517907.png| 49|You can only optimize images from a domain using a single free account. Request rejected.( Attachment ID  49 ) ;
16 Maggio 2025 @ 12:18|foto-marco.jpg| 75|You can only optimize images from a domain using a single free account. Request rejected.( Attachment ID  75 ) ;
16 Maggio 2025 @ 12:18|imageedit_4_2994858512.png| 69|You can only optimize images from a domain using a single free account. Request rejected.( Attachment ID  69 ) ;
16 Maggio 2025 @ 12:18|Screenshot-2025-05-08-102930.png| 68|You can only optimize images from a domain using a single free account. Request rejected.( Attachment ID  68 ) ;
16 Maggio 2025 @ 12:18|imageedit_2_4441539985.png| 63|You can only optimize images from a domain using a single free account. Request rejected.( Attachment ID  63 ) ;
16 Maggio 2025 @ 12:18|Screenshot-2025-05-13-103413.png| 61|You can only optimize images from a domain using a single free account. Request rejected.( Attachment ID  61 ) ;
16 Maggio 2025 @ 12:18|Screenshot-2025-05-12-191053.png| 60|You can only optimize images from a domain using a single free account. Request rejected.( Attachment ID  60 ) ;
16 Maggio 2025 @ 12:18|Screenshot-2025-05-14-210445.png| 52|You can only optimize images from a domain using a single free account. Request rejected.( Attachment ID  52 ) ;
16 Maggio 2025 @ 12:18|Screenshot-2025-05-08-125734-e1747305517907.png| 49|You can only optimize images from a domain using a single free account. Request rejected.( Attachment ID  49 ) ;
16 Maggio 2025 @ 12:18|foto-marco.jpg| 75|You can only optimize images from a domain using a single free account. Request rejected.( Attachment ID  75 ) ;
16 Maggio 2025 @ 12:18|imageedit_4_2994858512.png| 69|You can only optimize images from a domain using a single free account. Request rejected.( Attachment ID  69 ) ;
16 Maggio 2025 @ 12:18|Screenshot-2025-05-08-102930.png| 68|You can only optimize images from a domain using a single free account. Request rejected.( Attachment ID  68 ) ;
16 Maggio 2025 @ 12:18|imageedit_2_4441539985.png| 63|You can only optimize images from a domain using a single free account. Request rejected.( Attachment ID  63 ) ;
16 Maggio 2025 @ 12:18|Screenshot-2025-05-13-103413.png| 61|You can only optimize images from a domain using a single free account. Request rejected.( Attachment ID  61 ) ;
16 Maggio 2025 @ 12:18|Screenshot-2025-05-12-191053.png| 60|You can only optimize images from a domain using a single free account. Request rejected.( Attachment ID  60 ) ;
16 Maggio 2025 @ 12:18|Screenshot-2025-05-14-210445.png| 52|You can only optimize images from a domain using a single free account. Request rejected.( Attachment ID  52 ) ;
16 Maggio 2025 @ 12:18|Screenshot-2025-05-08-125734-e1747305517907.png| 49|You can only optimize images from a domain using a single free account. Request rejected.( Attachment ID  49 ) ;
16 Maggio 2025 @ 12:18|foto-marco.jpg| 75|You can only optimize images from a domain using a single free account. Request rejected.( Attachment ID  75 ) ;
16 Maggio 2025 @ 12:18|imageedit_4_2994858512.png| 69|You can only optimize images from a domain using a single free account. Request rejected.( Attachment ID  69 ) ;
16 Maggio 2025 @ 12:18|Screenshot-2025-05-08-102930.png| 68|You can only optimize images from a domain using a single free account. Request rejected.( Attachment ID  68 ) ;
16 Maggio 2025 @ 12:18|imageedit_2_4441539985.png| 63|You can only optimize images from a domain using a single free account. Request rejected.( Attachment ID  63 ) ;
16 Maggio 2025 @ 12:18|Screenshot-2025-05-13-103413.png| 61|You can only optimize images from a domain using a single free account. Request rejected.( Attachment ID  61 ) ;
16 Maggio 2025 @ 12:18|Screenshot-2025-05-12-191053.png| 60|You can only optimize images from a domain using a single free account. Request rejected.( Attachment ID  60 ) ;
16 Maggio 2025 @ 12:18|Screenshot-2025-05-14-210445.png| 52|You can only optimize images from a domain using a single free account. Request rejected.( Attachment ID  52 ) ;
16 Maggio 2025 @ 12:18|Screenshot-2025-05-08-125734-e1747305517907.png| 49|You can only optimize images from a domain using a single free account. Request rejected.( Attachment ID  49 ) ;
16 Maggio 2025 @ 12:18|foto-marco.jpg| 75|You can only optimize images from a domain using a single free account. Request rejected.( Attachment ID  75 ) ;
16 Maggio 2025 @ 12:18|imageedit_4_2994858512.png| 69|You can only optimize images from a domain using a single free account. Request rejected.( Attachment ID  69 ) ;
16 Maggio 2025 @ 12:18|Screenshot-2025-05-08-102930.png| 68|You can only optimize images from a domain using a single free account. Request rejected.( Attachment ID  68 ) ;
16 Maggio 2025 @ 12:18|imageedit_2_4441539985.png| 63|You can only optimize images from a domain using a single free account. Request rejected.( Attachment ID  63 ) ;
16 Maggio 2025 @ 12:18|Screenshot-2025-05-13-103413.png| 61|You can only optimize images from a domain using a single free account. Request rejected.( Attachment ID  61 ) ;
16 Maggio 2025 @ 12:18|Screenshot-2025-05-12-191053.png| 60|You can only optimize images from a domain using a single free account. Request rejected.( Attachment ID  60 ) ;
16 Maggio 2025 @ 12:18|Screenshot-2025-05-14-210445.png| 52|You can only optimize images from a domain using a single free account. Request rejected.( Attachment ID  52 ) ;
16 Maggio 2025 @ 12:18|Screenshot-2025-05-08-125734-e1747305517907.png| 49|You can only optimize images from a domain using a single free account. Request rejected.( Attachment ID  49 ) ;
16 Maggio 2025 @ 12:18|foto-marco.jpg| 75|You can only optimize images from a domain using a single free account. Request rejected.( Attachment ID  75 ) ;
16 Maggio 2025 @ 12:18|imageedit_4_2994858512.png| 69|You can only optimize images from a domain using a single free account. Request rejected.( Attachment ID  69 ) ;
16 Maggio 2025 @ 12:18|Screenshot-2025-05-08-102930.png| 68|You can only optimize images from a domain using a single free account. Request rejected.( Attachment ID  68 ) ;
16 Maggio 2025 @ 12:18|imageedit_2_4441539985.png| 63|You can only optimize images from a domain using a single free account. Request rejected.( Attachment ID  63 ) ;
16 Maggio 2025 @ 12:19|Screenshot-2025-05-13-103413.png| 61|You can only optimize images from a domain using a single free account. Request rejected.( Attachment ID  61 ) ;
16 Maggio 2025 @ 12:19|Screenshot-2025-05-12-191053.png| 60|You can only optimize images from a domain using a single free account. Request rejected.( Attachment ID  60 ) ;
16 Maggio 2025 @ 12:19|Screenshot-2025-05-14-210445.png| 52|You can only optimize images from a domain using a single free account. Request rejected.( Attachment ID  52 ) ;
16 Maggio 2025 @ 12:19|Screenshot-2025-05-08-125734-e1747305517907.png| 49|You can only optimize images from a domain using a single free account. Request rejected.( Attachment ID  49 ) ;
16 Maggio 2025 @ 12:19|foto-marco.jpg| 75|You can only optimize images from a domain using a single free account. Request rejected.( Attachment ID  75 ) ;
16 Maggio 2025 @ 12:19|imageedit_4_2994858512.png| 69|You can only optimize images from a domain using a single free account. Request rejected.( Attachment ID  69 ) ;
16 Maggio 2025 @ 12:19|Screenshot-2025-05-08-102930.png| 68|You can only optimize images from a domain using a single free account. Request rejected.( Attachment ID  68 ) ;
16 Maggio 2025 @ 12:19|imageedit_2_4441539985.png| 63|You can only optimize images from a domain using a single free account. Request rejected.( Attachment ID  63 ) ;
16 Maggio 2025 @ 12:19|Screenshot-2025-05-13-103413.png| 61|You can only optimize images from a domain using a single free account. Request rejected.( Attachment ID  61 ) ;
16 Maggio 2025 @ 12:19|Screenshot-2025-05-12-191053.png| 60|You can only optimize images from a domain using a single free account. Request rejected.( Attachment ID  60 ) ;
16 Maggio 2025 @ 12:19|Screenshot-2025-05-14-210445.png| 52|You can only optimize images from a domain using a single free account. Request rejected.( Attachment ID  52 ) ;
16 Maggio 2025 @ 12:19|Screenshot-2025-05-08-125734-e1747305517907.png| 49|You can only optimize images from a domain using a single free account. Request rejected.( Attachment ID  49 ) ;
16 Maggio 2025 @ 12:19|foto-marco.jpg| 75|You can only optimize images from a domain using a single free account. Request rejected.( Attachment ID  75 ) ;
16 Maggio 2025 @ 12:19|imageedit_4_2994858512.png| 69|You can only optimize images from a domain using a single free account. Request rejected.( Attachment ID  69 ) ;
16 Maggio 2025 @ 12:19|Screenshot-2025-05-08-102930.png| 68|You can only optimize images from a domain using a single free account. Request rejected.( Attachment ID  68 ) ;
16 Maggio 2025 @ 12:19|imageedit_2_4441539985.png| 63|You can only optimize images from a domain using a single free account. Request rejected.( Attachment ID  63 ) ;
16 Maggio 2025 @ 12:19|Screenshot-2025-05-13-103413.png| 61|You can only optimize images from a domain using a single free account. Request rejected.( Attachment ID  61 ) ;
16 Maggio 2025 @ 12:19|Screenshot-2025-05-12-191053.png| 60|You can only optimize images from a domain using a single free account. Request rejected.( Attachment ID  60 ) ;
16 Maggio 2025 @ 12:19|Screenshot-2025-05-14-210445.png| 52|You can only optimize images from a domain using a single free account. Request rejected.( Attachment ID  52 ) ;
16 Maggio 2025 @ 12:19|Screenshot-2025-05-08-125734-e1747305517907.png| 49|You can only optimize images from a domain using a single free account. Request rejected.( Attachment ID  49 ) ;
16 Maggio 2025 @ 12:19|foto-marco.jpg| 75|You can only optimize images from a domain using a single free account. Request rejected.( Attachment ID  75 ) ;
16 Maggio 2025 @ 12:19|imageedit_4_2994858512.png| 69|You can only optimize images from a domain using a single free account. Request rejected.( Attachment ID  69 ) ;
16 Maggio 2025 @ 12:19|Screenshot-2025-05-08-102930.png| 68|You can only optimize images from a domain using a single free account. Request rejected.( Attachment ID  68 ) ;
16 Maggio 2025 @ 12:19|imageedit_2_4441539985.png| 63|You can only optimize images from a domain using a single free account. Request rejected.( Attachment ID  63 ) ;
16 Maggio 2025 @ 12:19|Screenshot-2025-05-13-103413.png| 61|You can only optimize images from a domain using a single free account. Request rejected.( Attachment ID  61 ) ;
16 Maggio 2025 @ 12:19|Screenshot-2025-05-12-191053.png| 60|You can only optimize images from a domain using a single free account. Request rejected.( Attachment ID  60 ) ;
16 Maggio 2025 @ 12:19|Screenshot-2025-05-14-210445.png| 52|You can only optimize images from a domain using a single free account. Request rejected.( Attachment ID  52 ) ;
16 Maggio 2025 @ 12:19|Screenshot-2025-05-08-125734-e1747305517907.png| 49|You can only optimize images from a domain using a single free account. Request rejected.( Attachment ID  49 ) ;
16 Maggio 2025 @ 12:19|foto-marco.jpg| 75|You can only optimize images from a domain using a single free account. Request rejected.( Attachment ID  75 ) ;
16 Maggio 2025 @ 12:19|imageedit_4_2994858512.png| 69|You can only optimize images from a domain using a single free account. Request rejected.( Attachment ID  69 ) ;
16 Maggio 2025 @ 12:19|Screenshot-2025-05-08-102930.png| 68|You can only optimize images from a domain using a single free account. Request rejected.( Attachment ID  68 ) ;
16 Maggio 2025 @ 12:19|imageedit_2_4441539985.png| 63|You can only optimize images from a domain using a single free account. Request rejected.( Attachment ID  63 ) ;
16 Maggio 2025 @ 12:19|Screenshot-2025-05-13-103413.png| 61|You can only optimize images from a domain using a single free account. Request rejected.( Attachment ID  61 ) ;
16 Maggio 2025 @ 12:19|Screenshot-2025-05-12-191053.png| 60|You can only optimize images from a domain using a single free account. Request rejected.( Attachment ID  60 ) ;
16 Maggio 2025 @ 12:19|Screenshot-2025-05-14-210445.png| 52|You can only optimize images from a domain using a single free account. Request rejected.( Attachment ID  52 ) ;
16 Maggio 2025 @ 12:19|Screenshot-2025-05-08-125734-e1747305517907.png| 49|You can only optimize images from a domain using a single free account. Request rejected.( Attachment ID  49 ) ;
16 Maggio 2025 @ 12:19|foto-marco.jpg| 75|You can only optimize images from a domain using a single free account. Request rejected.( Attachment ID  75 ) ;
16 Maggio 2025 @ 12:19|imageedit_4_2994858512.png| 69|You can only optimize images from a domain using a single free account. Request rejected.( Attachment ID  69 ) ;
16 Maggio 2025 @ 12:19|Screenshot-2025-05-08-102930.png| 68|You can only optimize images from a domain using a single free account. Request rejected.( Attachment ID  68 ) ;
16 Maggio 2025 @ 12:19|imageedit_2_4441539985.png| 63|You can only optimize images from a domain using a single free account. Request rejected.( Attachment ID  63 ) ;
16 Maggio 2025 @ 12:19|Screenshot-2025-05-13-103413.png| 61|You can only optimize images from a domain using a single free account. Request rejected.( Attachment ID  61 ) ;
16 Maggio 2025 @ 12:20|Screenshot-2025-05-12-191053.png| 60|You can only optimize images from a domain using a single free account. Request rejected.( Attachment ID  60 ) ;
16 Maggio 2025 @ 12:20|Screenshot-2025-05-14-210445.png| 52|You can only optimize images from a domain using a single free account. Request rejected.( Attachment ID  52 ) ;
16 Maggio 2025 @ 12:20|Screenshot-2025-05-08-125734-e1747305517907.png| 49|You can only optimize images from a domain using a single free account. Request rejected.( Attachment ID  49 ) ;
16 Maggio 2025 @ 12:20|foto-marco.jpg| 75|You can only optimize images from a domain using a single free account. Request rejected.( Attachment ID  75 ) ;
16 Maggio 2025 @ 12:20|imageedit_4_2994858512.png| 69|You can only optimize images from a domain using a single free account. Request rejected.( Attachment ID  69 ) ;
16 Maggio 2025 @ 12:20|Screenshot-2025-05-08-102930.png| 68|You can only optimize images from a domain using a single free account. Request rejected.( Attachment ID  68 ) ;
16 Maggio 2025 @ 12:20|imageedit_2_4441539985.png| 63|You can only optimize images from a domain using a single free account. Request rejected.( Attachment ID  63 ) ;
16 Maggio 2025 @ 12:20|Screenshot-2025-05-13-103413.png| 61|You can only optimize images from a domain using a single free account. Request rejected.( Attachment ID  61 ) ;
16 Maggio 2025 @ 12:20|Screenshot-2025-05-12-191053.png| 60|You can only optimize images from a domain using a single free account. Request rejected.( Attachment ID  60 ) ;
16 Maggio 2025 @ 12:20|Screenshot-2025-05-14-210445.png| 52|You can only optimize images from a domain using a single free account. Request rejected.( Attachment ID  52 ) ;
16 Maggio 2025 @ 12:20|Screenshot-2025-05-08-125734-e1747305517907.png| 49|You can only optimize images from a domain using a single free account. Request rejected.( Attachment ID  49 ) ;
16 Maggio 2025 @ 12:20|foto-marco.jpg| 75|You can only optimize images from a domain using a single free account. Request rejected.( Attachment ID  75 ) ;
16 Maggio 2025 @ 12:20|imageedit_4_2994858512.png| 69|You can only optimize images from a domain using a single free account. Request rejected.( Attachment ID  69 ) ;
16 Maggio 2025 @ 12:20|Screenshot-2025-05-08-102930.png| 68|You can only optimize images from a domain using a single free account. Request rejected.( Attachment ID  68 ) ;
16 Maggio 2025 @ 12:20|imageedit_2_4441539985.png| 63|You can only optimize images from a domain using a single free account. Request rejected.( Attachment ID  63 ) ;
16 Maggio 2025 @ 12:20|Screenshot-2025-05-13-103413.png| 61|You can only optimize images from a domain using a single free account. Request rejected.( Attachment ID  61 ) ;
16 Maggio 2025 @ 12:20|Screenshot-2025-05-12-191053.png| 60|You can only optimize images from a domain using a single free account. Request rejected.( Attachment ID  60 ) ;
16 Maggio 2025 @ 12:20|Screenshot-2025-05-14-210445.png| 52|You can only optimize images from a domain using a single free account. Request rejected.( Attachment ID  52 ) ;
16 Maggio 2025 @ 12:20|Screenshot-2025-05-08-125734-e1747305517907.png| 49|You can only optimize images from a domain using a single free account. Request rejected.( Attachment ID  49 ) ;
